TN:
SF:src/common/utils/test-utils.tsx
FN:8,makeTestStore
FN:14,render
FNF:2
FNH:1
FNDA:0,makeTestStore
FNDA:11,render
DA:1,5
DA:2,5
DA:3,5
DA:4,5
DA:5,5
DA:6,5
DA:9,0
DA:10,0
DA:11,0
DA:18,11
DA:22,5
DA:24,5
LF:12
LH:9
BRDA:8,0,0,0
BRDA:16,1,0,11
BRDA:16,2,0,11
BRDA:16,3,0,11
BRF:4
BRH:3
end_of_record
TN:
SF:src/components/button/index.tsx
FN:11,Button
FNF:1
FNH:1
FNDA:5,Button
DA:1,4
DA:2,4
DA:11,4
DA:12,5
DA:14,5
DA:19,5
LF:6
LH:6
BRDA:12,0,0,3
BRDA:20,1,0,5
BRDA:20,1,1,3
BRF:3
BRH:3
end_of_record
TN:
SF:src/components/combo-input/index.tsx
FN:14,ComboBox
FN:18,(anonymous_1)
FN:24,(anonymous_2)
FN:47,(anonymous_3)
FN:48,(anonymous_4)
FNF:5
FNH:5
FNDA:7,ComboBox
FNDA:2,(anonymous_1)
FNDA:2,(anonymous_2)
FNDA:15,(anonymous_3)
FNDA:21,(anonymous_4)
DA:1,1
DA:2,1
DA:3,1
DA:14,1
DA:15,7
DA:17,7
DA:19,2
DA:24,7
DA:25,2
DA:28,7
DA:47,15
DA:49,21
LF:12
LH:12
BRDA:15,0,0,0
BRDA:32,1,0,7
BRDA:32,1,1,7
BRDA:38,2,0,7
BRDA:38,2,1,2
BRDA:44,3,0,7
BRDA:44,3,1,7
BRDA:47,4,0,14
BRDA:47,4,1,1
BRF:9
BRH:8
end_of_record
TN:
SF:src/components/icon/index.tsx
FN:28,Icon
FNF:1
FNH:1
FNDA:4,Icon
DA:1,2
DA:2,2
DA:10,2
DA:22,2
DA:28,2
DA:29,4
DA:31,4
DA:32,0
DA:35,4
DA:41,4
LF:10
LH:9
BRDA:29,0,0,4
BRDA:31,1,0,0
BRF:2
BRH:1
end_of_record
TN:
SF:src/components/navbar/index.tsx
FN:3,Navbar
FNF:1
FNH:1
FNDA:1,Navbar
DA:1,2
DA:3,2
DA:4,1
LF:3
LH:3
BRF:0
BRH:0
end_of_record
TN:
SF:src/components/select/index.tsx
FN:17,Select
FN:21,(anonymous_1)
FN:37,(anonymous_2)
FN:38,(anonymous_3)
FNF:4
FNH:4
FNDA:2,Select
FNDA:1,(anonymous_1)
FNDA:2,(anonymous_2)
FNDA:4,(anonymous_3)
DA:1,1
DA:2,1
DA:17,1
DA:18,2
DA:20,2
DA:22,1
DA:27,2
DA:37,2
DA:39,4
LF:9
LH:9
BRDA:18,0,0,0
BRDA:31,1,0,2
BRDA:31,1,1,2
BRDA:37,2,0,1
BRDA:37,2,1,1
BRF:5
BRH:4
end_of_record
TN:
SF:src/models/model1/reducer.ts
FN:5,(anonymous_0)
FNF:1
FNH:1
FNDA:21,(anonymous_0)
DA:3,5
DA:5,5
DA:6,21
DA:7,21
DA:9,21
DA:14,5
LF:6
LH:6
BRDA:5,0,0,21
BRDA:7,1,0,21
BRF:2
BRH:2
end_of_record
TN:
SF:src/modules/module1/index.tsx
FN:4,Module1
FN:8,(anonymous_1)
FNF:2
FNH:1
FNDA:1,Module1
FNDA:0,(anonymous_1)
DA:1,2
DA:2,2
DA:4,2
DA:5,1
DA:9,0
LF:5
LH:4
BRF:0
BRH:0
end_of_record
TN:
SF:src/redux/reducers/index.ts
FNF:0
FNH:0
DA:1,5
DA:2,5
DA:4,5
LF:3
LH:3
BRF:0
BRH:0
end_of_record
